# JRE version: Java(TM) SE Runtime Environment (8.0_73-b02) (build 1.8.0_73-b02)
# Java VM: Java HotSpot(TM) 64-Bit Server VM (25.73-b02 mixed mode bsd-amd64 compressed oops)
Heap:
 PSYoungGen      total 24576K, used 5518K [0x0000000795580000, 0x0000000796f00000, 0x00000007c0000000)
  eden space 23040K, 23% used [0x0000000795580000,0x0000000795ae39b8,0x0000000796c00000)
  from space 1536K, 0% used [0x0000000796c00000,0x0000000796c00000,0x0000000796d80000)
  to   space 1536K, 0% used [0x0000000796d80000,0x0000000796d80000,0x0000000796f00000)
 ParOldGen       total 40448K, used 7098K [0x0000000740000000, 0x0000000742780000, 0x0000000795580000)
  object space 40448K, 17% used [0x0000000740000000,0x00000007406ee8a0,0x0000000742780000)
 Metaspace       used 13127K, capacity 13346K, committed 13568K, reserved 1060864K
  class space    used 1440K, capacity 1518K, committed 1536K, reserved 1048576K
GC Heap History (10 events):
Event: 686.331 GC heap before
{Heap before GC invocations=2004 (full 0):
 PSYoungGen      total 24576K, used 23200K [0x0000000795580000, 0x0000000796f00000, 0x00000007c0000000)
  eden space 23040K, 100% used [0x0000000795580000,0x0000000796c00000,0x0000000796c00000)
  from space 1536K, 10% used [0x0000000796c00000,0x0000000796c28000,0x0000000796d80000)
  to   space 1536K, 0% used [0x0000000796d80000,0x0000000796d80000,0x0000000796f00000)
 ParOldGen       total 87552K, used 87332K [0x0000000740000000, 0x0000000745580000, 0x0000000795580000)
  object space 87552K, 99% used [0x0000000740000000,0x0000000745549300,0x0000000745580000)
 Metaspace       used 13127K, capacity 13346K, committed 13568K, reserved 1060864K
  class space    used 1440K, capacity 1518K, committed 1536K, reserved 1048576K
Event: 686.332 GC heap after
Heap after GC invocations=2004 (full 0):
 PSYoungGen      total 24576K, used 224K [0x0000000795580000, 0x0000000796f00000, 0x00000007c0000000)
  eden space 23040K, 0% used [0x0000000795580000,0x0000000795580000,0x0000000796c00000)
  from space 1536K, 14% used [0x0000000796d80000,0x0000000796db8000,0x0000000796f00000)
  to   space 1536K, 0% used [0x0000000796c00000,0x0000000796c00000,0x0000000796d80000)
 ParOldGen       total 87552K, used 87348K [0x0000000740000000, 0x0000000745580000, 0x0000000795580000)
  object space 87552K, 99% used [0x0000000740000000,0x000000074554d300,0x0000000745580000)
 Metaspace       used 13127K, capacity 13346K, committed 13568K, reserved 1060864K
  class space    used 1440K, capacity 1518K, committed 1536K, reserved 1048576K
}
Event: 686.576 GC heap before
{Heap before GC invocations=2005 (full 0):
 PSYoungGen      total 24576K, used 23264K [0x0000000795580000, 0x0000000796f00000, 0x00000007c0000000)
  eden space 23040K, 100% used [0x0000000795580000,0x0000000796c00000,0x0000000796c00000)
  from space 1536K, 14% used [0x0000000796d80000,0x0000000796db8000,0x0000000796f00000)
  to   space 1536K, 0% used [0x0000000796c00000,0x0000000796c00000,0x0000000796d80000)
 ParOldGen       total 87552K, used 87348K [0x0000000740000000, 0x0000000745580000, 0x0000000795580000)
  object space 87552K, 99% used [0x0000000740000000,0x000000074554d300,0x0000000745580000)
 Metaspace       used 13127K, capacity 13346K, committed 13568K, reserved 1060864K
  class space    used 1440K, capacity 1518K, committed 1536K, reserved 1048576K
Event: 686.577 GC heap after
Heap after GC invocations=2005 (full 0):
 PSYoungGen      total 24576K, used 896K [0x0000000795580000, 0x0000000796f00000, 0x00000007c0000000)
  eden space 23040K, 0% used [0x0000000795580000,0x0000000795580000,0x0000000796c00000)
  from space 1536K, 58% used [0x0000000796c00000,0x0000000796ce0000,0x0000000796d80000)
  to   space 1536K, 0% used [0x0000000796d80000,0x0000000796d80000,0x0000000796f00000)
 ParOldGen       total 87552K, used 87372K [0x0000000740000000, 0x0000000745580000, 0x0000000795580000)
  object space 87552K, 99% used [0x0000000740000000,0x0000000745553300,0x0000000745580000)
 Metaspace       used 13127K, capacity 13346K, committed 13568K, reserved 1060864K
  class space    used 1440K, capacity 1518K, committed 1536K, reserved 1048576K
}
Event: 686.765 GC heap before
{Heap before GC invocations=2006 (full 0):
 PSYoungGen      total 24576K, used 23936K [0x0000000795580000, 0x0000000796f00000, 0x00000007c0000000)
  eden space 23040K, 100% used [0x0000000795580000,0x0000000796c00000,0x0000000796c00000)
  from space 1536K, 58% used [0x0000000796c00000,0x0000000796ce0000,0x0000000796d80000)
  to   space 1536K, 0% used [0x0000000796d80000,0x0000000796d80000,0x0000000796f00000)
 ParOldGen       total 87552K, used 87372K [0x0000000740000000, 0x0000000745580000, 0x0000000795580000)
  object space 87552K, 99% used [0x0000000740000000,0x0000000745553300,0x0000000745580000)
 Metaspace       used 13127K, capacity 13346K, committed 13568K, reserved 1060864K
  class space    used 1440K, capacity 1518K, committed 1536K, reserved 1048576K
Event: 686.766 GC heap after
Heap after GC invocations=2006 (full 0):
 PSYoungGen      total 24576K, used 320K [0x0000000795580000, 0x0000000796f00000, 0x00000007c0000000)
  eden space 23040K, 0% used [0x0000000795580000,0x0000000795580000,0x0000000796c00000)
  from space 1536K, 20% used [0x0000000796d80000,0x0000000796dd0000,0x0000000796f00000)
  to   space 1536K, 0% used [0x0000000796c00000,0x0000000796c00000,0x0000000796d80000)
 ParOldGen       total 87552K, used 87388K [0x0000000740000000, 0x0000000745580000, 0x0000000795580000)
  object space 87552K, 99% used [0x0000000740000000,0x0000000745557300,0x0000000745580000)
 Metaspace       used 13127K, capacity 13346K, committed 13568K, reserved 1060864K
  class space    used 1440K, capacity 1518K, committed 1536K, reserved 1048576K
}
Event: 687.090 GC heap before
{Heap before GC invocations=2007 (full 0):
 PSYoungGen      total 24576K, used 23360K [0x0000000795580000, 0x0000000796f00000, 0x00000007c0000000)
  eden space 23040K, 100% used [0x0000000795580000,0x0000000796c00000,0x0000000796c00000)
  from space 1536K, 20% used [0x0000000796d80000,0x0000000796dd0000,0x0000000796f00000)
  to   space 1536K, 0% used [0x0000000796c00000,0x0000000796c00000,0x0000000796d80000)
 ParOldGen       total 87552K, used 87388K [0x0000000740000000, 0x0000000745580000, 0x0000000795580000)
  object space 87552K, 99% used [0x0000000740000000,0x0000000745557300,0x0000000745580000)
 Metaspace       used 13127K, capacity 13346K, committed 13568K, reserved 1060864K
  class space    used 1440K, capacity 1518K, committed 1536K, reserved 1048576K
Event: 687.091 GC heap after
Heap after GC invocations=2007 (full 0):
 PSYoungGen      total 24576K, used 160K [0x0000000795580000, 0x0000000796f00000, 0x00000007c0000000)
  eden space 23040K, 0% used [0x0000000795580000,0x0000000795580000,0x0000000796c00000)
  from space 1536K, 10% used [0x0000000796c00000,0x0000000796c28000,0x0000000796d80000)
  to   space 1536K, 0% used [0x0000000796d80000,0x0000000796d80000,0x0000000796f00000)
 ParOldGen       total 87552K, used 87452K [0x0000000740000000, 0x0000000745580000, 0x0000000795580000)
  object space 87552K, 99% used [0x0000000740000000,0x0000000745567300,0x0000000745580000)
 Metaspace       used 13127K, capacity 13346K, committed 13568K, reserved 1060864K
  class space    used 1440K, capacity 1518K, committed 1536K, reserved 1048576K
}
Event: 687.091 GC heap before
{Heap before GC invocations=2008 (full 1):
 PSYoungGen      total 24576K, used 160K [0x0000000795580000, 0x0000000796f00000, 0x00000007c0000000)
  eden space 23040K, 0% used [0x0000000795580000,0x0000000795580000,0x0000000796c00000)
  from space 1536K, 10% used [0x0000000796c00000,0x0000000796c28000,0x0000000796d80000)
  to   space 1536K, 0% used [0x0000000796d80000,0x0000000796d80000,0x0000000796f00000)
 ParOldGen       total 87552K, used 87452K [0x0000000740000000, 0x0000000745580000, 0x0000000795580000)
  object space 87552K, 99% used [0x0000000740000000,0x0000000745567300,0x0000000745580000)
 Metaspace       used 13127K, capacity 13346K, committed 13568K, reserved 1060864K
  class space    used 1440K, capacity 1518K, committed 1536K, reserved 1048576K
Event: 687.122 GC heap after
Heap after GC invocations=2008 (full 1):
 PSYoungGen      total 24576K, used 0K [0x0000000795580000, 0x0000000796f00000, 0x00000007c0000000)
  eden space 23040K, 0% used [0x0000000795580000,0x0000000795580000,0x0000000796c00000)
  from space 1536K, 0% used [0x0000000796c00000,0x0000000796c00000,0x0000000796d80000)
  to   space 1536K, 0% used [0x0000000796d80000,0x0000000796d80000,0x0000000796f00000)
 ParOldGen       total 40448K, used 7098K [0x0000000740000000, 0x0000000742780000, 0x0000000795580000)
  object space 40448K, 17% used [0x0000000740000000,0x00000007406ee8a0,0x0000000742780000)
 Metaspace       used 13127K, capacity 13346K, committed 13568K, reserved 1060864K
  class space    used 1440K, capacity 1518K, committed 1536K, reserved 1048576K
}

